<?xml version="1.0" encoding="utf-8"?><testsuites name="pytest tests"><testsuite name="pytest" errors="0" failures="0" skipped="0" tests="58" time="20.550" timestamp="2026-06-21T11:25:20.690074+00:00" hostname="agent-env-c0793a4a-13eb-4092-9505-41f826a6037d"><testcase classname="backend.tests.backend_test" name="test_health" time="0.267" /><testcase classname="backend.tests.backend_test" name="test_admin_login_returns_admin_role" time="0.359" /><testcase classname="backend.tests.backend_test" name="test_auth_me_admin" time="0.158" /><testcase classname="backend.tests.backend_test" name="test_register_admin_override_to_worker" time="0.352" /><testcase classname="backend.tests.backend_test" name="test_register_duplicate_returns_400" time="0.457" /><testcase classname="backend.tests.backend_test" name="test_register_creates_manager" time="0.465" /><testcase classname="backend.tests.backend_test" name="test_worker_cannot_list_users" time="0.093" /><testcase classname="backend.tests.backend_test" name="test_manager_cannot_list_users" time="0.093" /><testcase classname="backend.tests.backend_test" name="test_admin_can_list_users" time="0.096" /><testcase classname="backend.tests.backend_test" name="test_worker_cannot_put_threshold" time="0.093" /><testcase classname="backend.tests.backend_test" name="test_worker_cannot_export" time="0.088" /><testcase classname="backend.tests.backend_test" name="test_worker_can_create_product" time="0.096" /><testcase classname="backend.tests.backend_test" name="test_product_status_near_expiry_general" time="0.105" /><testcase classname="backend.tests.backend_test" name="test_product_status_critical_general" time="0.095" /><testcase classname="backend.tests.backend_test" name="test_product_status_expired_general" time="0.093" /><testcase classname="backend.tests.backend_test" name="test_product_status_dairy_thresholds" time="0.239" /><testcase classname="backend.tests.backend_test" name="test_duplicate_returns_409_and_creates_alert" time="0.295" /><testcase classname="backend.tests.backend_test" name="test_invalid_exp_before_mfg" time="0.095" /><testcase classname="backend.tests.backend_test" name="test_invalid_exp_format" time="0.096" /><testcase classname="backend.tests.backend_test" name="test_list_products_filters" time="0.477" /><testcase classname="backend.tests.backend_test" name="test_worker_cannot_update_or_delete" time="0.187" /><testcase classname="backend.tests.backend_test" name="test_manager_can_update_and_status_recomputes" time="0.098" /><testcase classname="backend.tests.backend_test" name="test_manager_can_delete" time="0.100" /><testcase classname="backend.tests.backend_test" name="test_dashboard_summary" time="0.091" /><testcase classname="backend.tests.backend_test" name="test_alerts_list_and_read" time="0.325" /><testcase classname="backend.tests.backend_test" name="test_alerts_read_all" time="0.218" /><testcase classname="backend.tests.backend_test" name="test_worker_cannot_scan_alerts" time="0.095" /><testcase classname="backend.tests.backend_test" name="test_manager_can_scan_alerts" time="0.100" /><testcase classname="backend.tests.backend_test" name="test_get_thresholds" time="0.094" /><testcase classname="backend.tests.backend_test" name="test_put_threshold_invalid" time="0.134" /><testcase classname="backend.tests.backend_test" name="test_put_threshold_valid" time="0.190" /><testcase classname="backend.tests.backend_test" name="test_reports_summary" time="0.095" /><testcase classname="backend.tests.backend_test" name="test_worker_cannot_export_xlsx" time="0.101" /><testcase classname="backend.tests.backend_test" name="test_manager_can_export_xlsx" time="0.108" /><testcase classname="backend.tests.backend_test" name="test_ocr_scan_with_base64" time="6.155" /><testcase classname="backend.tests.backend_test" name="test_ocr_scan_missing_input" time="0.176" /><testcase classname="backend.tests.backend_test" name="test_login_sets_httponly_cookie" time="0.321" /><testcase classname="backend.tests.backend_test" name="test_register_sets_httponly_cookie_and_role_overridden_true" time="0.323" /><testcase classname="backend.tests.backend_test" name="test_register_role_overridden_false_for_manager" time="0.324" /><testcase classname="backend.tests.backend_test" name="test_me_with_only_cookie_no_authorization_header" time="0.369" /><testcase classname="backend.tests.backend_test" name="test_logout_clears_cookie_and_blocks_me" time="0.463" /><testcase classname="backend.tests.backend_test" name="test_bearer_token_auth_still_works" time="0.093" /><testcase classname="backend.tests.backend_test" name="test_cleanup_test_products" time="0.670" /><testcase classname="backend.tests.test_store_and_tiered_alerts.TestStore" name="test_store_unauth_returns_401" time="0.092" /><testcase classname="backend.tests.test_store_and_tiered_alerts.TestStore" name="test_store_default_seeded_for_admin" time="0.405" /><testcase classname="backend.tests.test_store_and_tiered_alerts.TestStore" name="test_store_visible_to_worker" time="0.412" /><testcase classname="backend.tests.test_store_and_tiered_alerts.TestStore" name="test_store_visible_to_manager" time="0.413" /><testcase classname="backend.tests.test_store_and_tiered_alerts.TestStore" name="test_worker_cannot_put_store" time="0.095" /><testcase classname="backend.tests.test_store_and_tiered_alerts.TestStore" name="test_manager_cannot_put_store" time="0.098" /><testcase classname="backend.tests.test_store_and_tiered_alerts.TestStore" name="test_admin_can_put_store_and_persisted" time="0.287" /><testcase classname="backend.tests.test_store_and_tiered_alerts.TestTieredAlerts" name="test_product_today_emits_expired_alert" time="0.804" /><testcase classname="backend.tests.test_store_and_tiered_alerts.TestTieredAlerts" name="test_product_20d_general_emits_tier_1m" time="0.786" /><testcase classname="backend.tests.test_store_and_tiered_alerts.TestTieredAlerts" name="test_product_far_future_no_alert" time="0.591" /><testcase classname="backend.tests.test_store_and_tiered_alerts.TestAlertScanAndDedup" name="test_scan_dedup_within_12h" time="0.381" /><testcase classname="backend.tests.test_store_and_tiered_alerts.TestInventoryCrudRegression" name="test_manager_put_product" time="0.293" /><testcase classname="backend.tests.test_store_and_tiered_alerts.TestInventoryCrudRegression" name="test_manager_delete_product" time="0.294" /><testcase classname="backend.tests.test_store_and_tiered_alerts.TestInventoryCrudRegression" name="test_admin_put_and_delete" time="0.293" /><testcase classname="backend.tests.test_store_and_tiered_alerts" name="test_zz_cleanup" time="0.102" /></testsuite></testsuites>