<?xml version="1.0" encoding="utf-8"?><testsuites name="pytest tests"><testsuite name="pytest" errors="0" failures="0" skipped="0" tests="43" time="14.325" timestamp="2026-06-20T04:36:01.659285+00:00" hostname="agent-env-c0793a4a-13eb-4092-9505-41f826a6037d"><testcase classname="backend.tests.backend_test" name="test_health" time="0.289" /><testcase classname="backend.tests.backend_test" name="test_admin_login_returns_admin_role" time="0.383" /><testcase classname="backend.tests.backend_test" name="test_auth_me_admin" time="0.147" /><testcase classname="backend.tests.backend_test" name="test_register_admin_override_to_worker" time="0.341" /><testcase classname="backend.tests.backend_test" name="test_register_duplicate_returns_400" time="0.487" /><testcase classname="backend.tests.backend_test" name="test_register_creates_manager" time="0.486" /><testcase classname="backend.tests.backend_test" name="test_worker_cannot_list_users" time="0.099" /><testcase classname="backend.tests.backend_test" name="test_manager_cannot_list_users" time="0.128" /><testcase classname="backend.tests.backend_test" name="test_admin_can_list_users" time="0.110" /><testcase classname="backend.tests.backend_test" name="test_worker_cannot_put_threshold" time="0.098" /><testcase classname="backend.tests.backend_test" name="test_worker_cannot_export" time="0.125" /><testcase classname="backend.tests.backend_test" name="test_worker_can_create_product" time="0.154" /><testcase classname="backend.tests.backend_test" name="test_product_status_near_expiry_general" time="0.124" /><testcase classname="backend.tests.backend_test" name="test_product_status_critical_general" time="0.100" /><testcase classname="backend.tests.backend_test" name="test_product_status_expired_general" time="0.144" /><testcase classname="backend.tests.backend_test" name="test_product_status_dairy_thresholds" time="0.336" /><testcase classname="backend.tests.backend_test" name="test_duplicate_returns_409_and_creates_alert" time="0.426" /><testcase classname="backend.tests.backend_test" name="test_invalid_exp_before_mfg" time="0.097" /><testcase classname="backend.tests.backend_test" name="test_invalid_exp_format" time="0.098" /><testcase classname="backend.tests.backend_test" name="test_list_products_filters" time="0.545" /><testcase classname="backend.tests.backend_test" name="test_worker_cannot_update_or_delete" time="0.188" /><testcase classname="backend.tests.backend_test" name="test_manager_can_update_and_status_recomputes" time="0.096" /><testcase classname="backend.tests.backend_test" name="test_manager_can_delete" time="0.120" /><testcase classname="backend.tests.backend_test" name="test_dashboard_summary" time="0.098" /><testcase classname="backend.tests.backend_test" name="test_alerts_list_and_read" time="0.301" /><testcase classname="backend.tests.backend_test" name="test_alerts_read_all" time="0.405" /><testcase classname="backend.tests.backend_test" name="test_worker_cannot_scan_alerts" time="0.101" /><testcase classname="backend.tests.backend_test" name="test_manager_can_scan_alerts" time="0.103" /><testcase classname="backend.tests.backend_test" name="test_get_thresholds" time="0.102" /><testcase classname="backend.tests.backend_test" name="test_put_threshold_invalid" time="0.095" /><testcase classname="backend.tests.backend_test" name="test_put_threshold_valid" time="0.203" /><testcase classname="backend.tests.backend_test" name="test_reports_summary" time="0.103" /><testcase classname="backend.tests.backend_test" name="test_worker_cannot_export_xlsx" time="0.092" /><testcase classname="backend.tests.backend_test" name="test_manager_can_export_xlsx" time="0.112" /><testcase classname="backend.tests.backend_test" name="test_ocr_scan_with_base64" time="4.461" /><testcase classname="backend.tests.backend_test" name="test_ocr_scan_missing_input" time="0.129" /><testcase classname="backend.tests.backend_test" name="test_login_sets_httponly_cookie" time="0.326" /><testcase classname="backend.tests.backend_test" name="test_register_sets_httponly_cookie_and_role_overridden_true" time="0.327" /><testcase classname="backend.tests.backend_test" name="test_register_role_overridden_false_for_manager" time="0.330" /><testcase classname="backend.tests.backend_test" name="test_me_with_only_cookie_no_authorization_header" time="0.404" /><testcase classname="backend.tests.backend_test" name="test_logout_clears_cookie_and_blocks_me" time="0.449" /><testcase classname="backend.tests.backend_test" name="test_bearer_token_auth_still_works" time="0.098" /><testcase classname="backend.tests.backend_test" name="test_cleanup_test_products" time="0.720" /></testsuite></testsuites>