<?xml version="1.0" encoding="utf-8"?><testsuites name="pytest tests"><testsuite name="pytest" errors="0" failures="0" skipped="0" tests="37" time="10.199" timestamp="2026-06-19T09:32:48.265490+00:00" hostname="agent-env-c0793a4a-13eb-4092-9505-41f826a6037d"><testcase classname="backend.tests.backend_test" name="test_health" time="0.318" /><testcase classname="backend.tests.backend_test" name="test_admin_login_returns_admin_role" time="0.363" /><testcase classname="backend.tests.backend_test" name="test_auth_me_admin" time="0.130" /><testcase classname="backend.tests.backend_test" name="test_register_admin_override_to_worker" time="0.327" /><testcase classname="backend.tests.backend_test" name="test_register_duplicate_returns_400" time="0.464" /><testcase classname="backend.tests.backend_test" name="test_register_creates_manager" time="0.421" /><testcase classname="backend.tests.backend_test" name="test_worker_cannot_list_users" time="0.099" /><testcase classname="backend.tests.backend_test" name="test_manager_cannot_list_users" time="0.129" /><testcase classname="backend.tests.backend_test" name="test_admin_can_list_users" time="0.096" /><testcase classname="backend.tests.backend_test" name="test_worker_cannot_put_threshold" time="0.096" /><testcase classname="backend.tests.backend_test" name="test_worker_cannot_export" time="0.130" /><testcase classname="backend.tests.backend_test" name="test_worker_can_create_product" time="0.138" /><testcase classname="backend.tests.backend_test" name="test_product_status_near_expiry_general" time="0.099" /><testcase classname="backend.tests.backend_test" name="test_product_status_critical_general" time="0.096" /><testcase classname="backend.tests.backend_test" name="test_product_status_expired_general" time="0.101" /><testcase classname="backend.tests.backend_test" name="test_product_status_dairy_thresholds" time="0.211" /><testcase classname="backend.tests.backend_test" name="test_duplicate_returns_409_and_creates_alert" time="0.310" /><testcase classname="backend.tests.backend_test" name="test_invalid_exp_before_mfg" time="0.093" /><testcase classname="backend.tests.backend_test" name="test_invalid_exp_format" time="0.098" /><testcase classname="backend.tests.backend_test" name="test_list_products_filters" time="0.511" /><testcase classname="backend.tests.backend_test" name="test_worker_cannot_update_or_delete" time="0.224" /><testcase classname="backend.tests.backend_test" name="test_manager_can_update_and_status_recomputes" time="0.096" /><testcase classname="backend.tests.backend_test" name="test_manager_can_delete" time="0.104" /><testcase classname="backend.tests.backend_test" name="test_dashboard_summary" time="0.128" /><testcase classname="backend.tests.backend_test" name="test_alerts_list_and_read" time="0.288" /><testcase classname="backend.tests.backend_test" name="test_alerts_read_all" time="0.219" /><testcase classname="backend.tests.backend_test" name="test_worker_cannot_scan_alerts" time="0.098" /><testcase classname="backend.tests.backend_test" name="test_manager_can_scan_alerts" time="0.102" /><testcase classname="backend.tests.backend_test" name="test_get_thresholds" time="0.100" /><testcase classname="backend.tests.backend_test" name="test_put_threshold_invalid" time="0.095" /><testcase classname="backend.tests.backend_test" name="test_put_threshold_valid" time="0.190" /><testcase classname="backend.tests.backend_test" name="test_reports_summary" time="0.101" /><testcase classname="backend.tests.backend_test" name="test_worker_cannot_export_xlsx" time="0.091" /><testcase classname="backend.tests.backend_test" name="test_manager_can_export_xlsx" time="0.114" /><testcase classname="backend.tests.backend_test" name="test_ocr_scan_with_base64" time="2.964" /><testcase classname="backend.tests.backend_test" name="test_ocr_scan_missing_input" time="0.094" /><testcase classname="backend.tests.backend_test" name="test_cleanup_test_products" time="0.667" /></testsuite></testsuites>